[debug] [2022-02-11T10:17:42.898Z] ----------------------------------------------------------------------
[debug] [2022-02-11T10:17:42.901Z] Command:       /home/murad/.nvm/versions/node/v16.13.2/bin/node /home/murad/.nvm/versions/node/v16.13.2/bin/firebase deploy
[debug] [2022-02-11T10:17:42.901Z] CLI Version:   10.1.4
[debug] [2022-02-11T10:17:42.901Z] Platform:      linux
[debug] [2022-02-11T10:17:42.901Z] Node Version:  v16.13.2
[debug] [2022-02-11T10:17:42.942Z] Time:          Fri Feb 11 2022 16:17:42 GMT+0600 (Bangladesh Standard Time)
[debug] [2022-02-11T10:17:42.942Z] ----------------------------------------------------------------------
[debug] 
[debug] [2022-02-11T10:17:42.973Z] >>> [apiv2][query] GET https://firebase-public.firebaseio.com/cli.json [none]
[debug] [2022-02-11T10:17:43.141Z] > command requires scopes: ["email","openid","https://www.googleapis.com/auth/cloudplatformprojects.readonly","https://www.googleapis.com/auth/firebase","https://www.googleapis.com/auth/cloud-platform"]
[debug] [2022-02-11T10:17:43.141Z] > authorizing via signed-in user (ahmu689@gmail.com)
[debug] [2022-02-11T10:17:43.141Z] [iam] checking project e-pustok0 for permissions ["firebase.projects.get","firebasehosting.sites.update"]
[debug] [2022-02-11T10:17:43.143Z] > refreshing access token with scopes: []
[debug] [2022-02-11T10:17:43.144Z] >>> HTTP REQUEST POST https://www.googleapis.com/oauth2/v3/token  
 <request body omitted>
[debug] [2022-02-11T10:17:46.372Z] <<< HTTP RESPONSE 200 {"pragma":"no-cache","date":"Fri, 11 Feb 2022 10:18:12 GMT","expires":"Mon, 01 Jan 1990 00:00:00 GMT","cache-control":"no-cache, no-store, max-age=0, must-revalidate","content-type":"application/json; charset=utf-8","vary":"X-Origin, Referer, Origin,Accept-Encoding","server":"scaffolding on HTTPServer2","x-xss-protection":"0","x-frame-options":"SAMEORIGIN","x-content-type-options":"nosniff","alt-svc":"h3=\":443\"; ma=2592000,h3-29=\":443\"; ma=2592000,h3-Q050=\":443\"; ma=2592000,h3-Q046=\":443\"; ma=2592000,h3-Q043=\":443\"; ma=2592000,quic=\":443\"; ma=2592000; v=\"46,43\"","accept-ranges":"none","transfer-encoding":"chunked"}
[debug] [2022-02-11T10:17:46.464Z] >>> [apiv2][query] POST https://cloudresourcemanager.googleapis.com/v1/projects/e-pustok0:testIamPermissions [none]
[debug] [2022-02-11T10:17:46.465Z] >>> [apiv2][body] POST https://cloudresourcemanager.googleapis.com/v1/projects/e-pustok0:testIamPermissions {"permissions":["firebase.projects.get","firebasehosting.sites.update"]}
[debug] [2022-02-11T10:17:46.866Z] <<< [apiv2][status] GET https://firebase-public.firebaseio.com/cli.json 200
[debug] [2022-02-11T10:17:46.867Z] <<< [apiv2][body] GET https://firebase-public.firebaseio.com/cli.json {"cloudBuildErrorAfter":1594252800000,"cloudBuildWarnAfter":1590019200000,"defaultNode10After":1594252800000,"minVersion":"3.0.5","node8DeploysDisabledAfter":1613390400000,"node8RuntimeDisabledAfter":1615809600000,"node8WarnAfter":1600128000000}
[debug] [2022-02-11T10:17:48.399Z] <<< [apiv2][status] POST https://cloudresourcemanager.googleapis.com/v1/projects/e-pustok0:testIamPermissions 200
[debug] [2022-02-11T10:17:48.400Z] <<< [apiv2][body] POST https://cloudresourcemanager.googleapis.com/v1/projects/e-pustok0:testIamPermissions {"permissions":["firebase.projects.get","firebasehosting.sites.update"]}
[debug] [2022-02-11T10:17:48.404Z] >>> [apiv2][query] GET https://firebase.googleapis.com/v1beta1/projects/e-pustok0 [none]
[debug] [2022-02-11T10:17:49.470Z] <<< [apiv2][status] GET https://firebase.googleapis.com/v1beta1/projects/e-pustok0 200
[debug] [2022-02-11T10:17:49.470Z] <<< [apiv2][body] GET https://firebase.googleapis.com/v1beta1/projects/e-pustok0 {"projectId":"e-pustok0","projectNumber":"600460976569","displayName":"E-Pustok","name":"projects/e-pustok0","resources":{"hostingSite":"e-pustok0"},"state":"ACTIVE"}
[info] 
[info] === Deploying to 'e-pustok0'...
[info] 
[info] i  deploying hosting 
[debug] [2022-02-11T10:17:49.474Z] > refreshing access token with scopes: ["email","https://www.googleapis.com/auth/cloud-platform","https://www.googleapis.com/auth/cloudplatformprojects.readonly","https://www.googleapis.com/auth/firebase","openid"]
[debug] [2022-02-11T10:17:49.475Z] >>> HTTP REQUEST POST https://www.googleapis.com/oauth2/v3/token  
 <request body omitted>
[debug] [2022-02-11T10:17:49.998Z] <<< HTTP RESPONSE 200 {"cache-control":"no-cache, no-store, max-age=0, must-revalidate","pragma":"no-cache","date":"Fri, 11 Feb 2022 10:18:16 GMT","expires":"Mon, 01 Jan 1990 00:00:00 GMT","content-type":"application/json; charset=utf-8","vary":"X-Origin, Referer, Origin,Accept-Encoding","server":"scaffolding on HTTPServer2","x-xss-protection":"0","x-frame-options":"SAMEORIGIN","x-content-type-options":"nosniff","alt-svc":"h3=\":443\"; ma=2592000,h3-29=\":443\"; ma=2592000,h3-Q050=\":443\"; ma=2592000,h3-Q046=\":443\"; ma=2592000,h3-Q043=\":443\"; ma=2592000,quic=\":443\"; ma=2592000; v=\"46,43\"","accept-ranges":"none","transfer-encoding":"chunked"}
[debug] [2022-02-11T10:17:50.099Z] >>> HTTP REQUEST POST https://firebasehosting.googleapis.com/v1beta1/sites/e-pustok0/versions  
 {"config":{"rewrites":[{"glob":"**","path":"/index.html"}],"cleanUrls":true},"labels":{"deployment-tool":"cli-firebase"}}
[debug] [2022-02-11T10:17:52.453Z] <<< HTTP RESPONSE 200 {"content-type":"application/json; charset=UTF-8","vary":"X-Origin, Referer, Origin,Accept-Encoding","date":"Fri, 11 Feb 2022 10:18:18 GMT","server":"ESF","cache-control":"private","x-xss-protection":"0","x-frame-options":"SAMEORIGIN","x-content-type-options":"nosniff","alt-svc":"h3=\":443\"; ma=2592000,h3-29=\":443\"; ma=2592000,h3-Q050=\":443\"; ma=2592000,h3-Q046=\":443\"; ma=2592000,h3-Q043=\":443\"; ma=2592000,quic=\":443\"; ma=2592000; v=\"46,43\"","accept-ranges":"none","transfer-encoding":"chunked"}
[info] i  hosting[e-pustok0]: beginning deploy... 
[info] i  hosting[e-pustok0]: found 40 files in out 
[debug] [2022-02-11T10:17:52.573Z] > refreshing access token with scopes: []
[debug] [2022-02-11T10:17:52.574Z] >>> HTTP REQUEST POST https://www.googleapis.com/oauth2/v3/token  
 <request body omitted>
[debug] [2022-02-11T10:17:52.575Z] [hosting] hash cache [b3V0] stored for 40 files
[debug] [2022-02-11T10:17:52.576Z] [hosting][hash queue][FINAL] {"max":73,"min":36,"avg":43.074999999999996,"active":0,"complete":40,"success":40,"errored":0,"retried":0,"total":40,"elapsed":84}
[debug] [2022-02-11T10:17:52.978Z] <<< HTTP RESPONSE 200 {"cache-control":"no-cache, no-store, max-age=0, must-revalidate","expires":"Mon, 01 Jan 1990 00:00:00 GMT","date":"Fri, 11 Feb 2022 10:18:19 GMT","pragma":"no-cache","content-type":"application/json; charset=utf-8","vary":"X-Origin, Referer, Origin,Accept-Encoding","server":"scaffolding on HTTPServer2","x-xss-protection":"0","x-frame-options":"SAMEORIGIN","x-content-type-options":"nosniff","alt-svc":"h3=\":443\"; ma=2592000,h3-29=\":443\"; ma=2592000,h3-Q050=\":443\"; ma=2592000,h3-Q046=\":443\"; ma=2592000,h3-Q043=\":443\"; ma=2592000,quic=\":443\"; ma=2592000; v=\"46,43\"","accept-ranges":"none","transfer-encoding":"chunked"}
[debug] [2022-02-11T10:17:53.067Z] >>> [apiv2][query] POST https://firebasehosting.googleapis.com/v1beta1/sites/e-pustok0/versions/b274af869a68641f:populateFiles [none]
[debug] [2022-02-11T10:17:53.068Z] >>> [apiv2][body] POST https://firebasehosting.googleapis.com/v1beta1/sites/e-pustok0/versions/b274af869a68641f:populateFiles {"files":{"/404.html":"cbbecaab2414e81ab9ec233874e48e0c6659bd9f8edcc9fa2d6b57af00111451","/about.html":"4bae11a4e1c4e00ff0367d49a13786fc0f306eb12fda157177da7069918685f5","/allCategories.html":"d0bab7add8a5ca2d2c6739f32538d07ccfa2fddc0c2545f91ca372d40aaff694","/contact.html":"1d57e74b4a98466a8c2253d27cae6f80c1c8f716480ad1eb30c279eb31f62713","/login.html":"37abe630043986fadcd78e6962ecad994a394906e41cbb94769e1ebf83a61a64","/dashboard.html":"ef4b432b6f0086dd3fcb077ce71528069cec106846b2b355a9a62f2d8302f2b6","/favicon.ico":"5db0637b966864c2b8352a84a6b4438360f6077c725b29aaaf80be894a69c118","/index.html":"f095ea978bc3e8819b54365fe60144b68f5cd58ad5a10b39bccfa428ea1a83f6","/vercel.svg":"d7cc1d83cb506bcacbd9997b53dc8cb99e1dee8b8b5d7b74c0adf332b6670a0a","/registration.html":"efefef142cc08e510d57db9ce5a008fe0ea9fc98aa74cf9c47f664a0d27f9031","/_next/static/chunks/651.cd440d205ca10b23.js":"d396ba390e67c60681bf6ce9d1274828af272a70042a8f45d3df3c9f1e177882","/Images/loading.png":"70a75a03fcb7dca72cf703018d02976e5abb4b090c46ecdd2caa6aa121b7fbab","/Images/Icons/folder.svg":"6a9150c3dec950efed1a145f43a2f03dc6ee269b9f1cfc1dd730cca3d4ae2863","/Images/mainLogo.png":"c1746e494f4d760df7e29b7e2d677eb1570ee1d161262235a882e755f1d8a27c","/_next/static/chunks/webpack-5e285359dd7604b1.js":"5ec307807417473c67a1ebdd917d7837451008ae41010c96c8e40a63bfee66ab","/_next/static/chunks/pages/_error-0260c064403af775.js":"c238cd901c8b200ddb24651d4f15dd7f8c6896e5e5481f008e55d857e717a2a3","/_next/static/chunks/pages/about-2176620a0ef036e3.js":"78a9fbeae57e3db58648f007d121d162bf1a0f806b7cd2e01e5d1816ec463284","/_next/static/chunks/pages/contact-a4f3e409fb470261.js":"a730faeac9927c2fb5cf3e7bf1bd50734f9c354490d4b53c2d84df2b2ad9499a","/_next/static/chunks/pages/allCategories-74030cbcb655c2d7.js":"aa07bc1b80f268d46c6fa6e4d9280a8a80f4a6bc040eb6ce605d0312e03b545c","/_next/static/chunks/pages/login-712384a7660940e1.js":"597d0fcbaa9277167ef046a78ceea729425b8f3226a38aaba20598b8467749e7","/_next/static/chunks/pages/index-20dc1c4a597f5100.js":"2d3d9b79488563756479368454c991e4f511192a026eaaf1384475f24aaceebb","/_next/static/chunks/pages/registration-3a994836aa25f6ee.js":"d4ae63bb5e022b815c673c99d994a62701f8f8480d7d2af7df83529196c5050d","/_next/static/chunks/pages/dashboard-d236a762b90b6fca.js":"484127bf6d3555998c940a34ad5dbc3ec394f4ebfb3620bf2af4d1a3e2cf4778","/_next/static/chunks/pages/dashboard/addABook-f15729e61b22ec9b.js":"7689153e88ac02e1ac6a13d6d68e957dc0e420769fa07043ab6aa5db7dcac4b3","/_next/static/css/b2efc05803b98fa7.css":"82a92790d693f0e93afd20f5f35db76cc2c3c942eb299fc9bf83ef750648491b","/_next/static/yiMKAZ8gBN0Su2IdJ7GDy/_buildManifest.js":"b1efe33eeb98f7b4bb9b2895d2ec4dd8b0452d735411028a4869a608a5bc51da","/_next/static/yiMKAZ8gBN0Su2IdJ7GDy/_middlewareManifest.js":"bbfa2e1c62019f589716deebf49e07fb8b7f9485e7a635166ebc5d716020f3b2","/_next/static/yiMKAZ8gBN0Su2IdJ7GDy/_ssgManifest.js":"b53c525f4762ee2d2ca548237660b471aa72821fccc1de0e8b931178b81e10d4","/_next/static/chunks/pages/allCategories/bengali-84107f78bd4706f0.js":"489463448a75c64c86a992125cfc28984850d0ef03978bc278fc388952bd344c","/allCategories/english.html":"6e11e08c9c66fcce8c89519395c3b93339ca4564b1d2ecf4c180fddd49f6856f","/dashboard/addABook.html":"e272b418d4749c7a049038fa1f8d8993978b260c60f988b1a3b7971b54b7f9e9","/dashboard/addAWriter.html":"fc8737e2daf8d86b7b0c459931257ffeb629bccf07cfb114ae6e6fbcae1dc0a9","/_next/static/chunks/pages/allCategories/english-cbdcbfe7dd2e4434.js":"a0b41bdd0b25b7241006487d2fbc88a1b091cb0f01ac13e99cf585fcf441587f","/_next/static/chunks/pages/dashboard/addAWriter-940d72a05e94615c.js":"fd4bd74f873179b6ee886eaf489c4dfa2d0815a55530a5f5f55386b581e09bde","/allCategories/bengali.html":"c4c26c4d19ee6d88ca4b07c70061000a71b1f3d5b8eac053278fbe8d5a1d5f0e","/_next/static/chunks/main-b0793f0310156120.js":"29e88b3ae4439ea281a00224918463191da8a67522078bd92d4af6c0e12e48d8","/_next/static/chunks/polyfills-5cd94c89d3acac5f.js":"450346e76f7d33112026b3e01c4bcabafde4dd76433eaa692ab000adc101399a","/_next/static/chunks/framework-91d7f78b5b4003c8.js":"41a8c46cf0757b784fa384fca721667063561e7597d83e8bb2982c4a91bd7100","/_next/static/chunks/pages/_app-fbd4a4cd70cdbbc9.js":"e6b1db153d24284e61b9ae2fa7cda18a9b4ad55c930eabba65b7aec5b40899cc","/Images/library.jpg":"8db1d0ba0668cf011a71ecc6b675daaf771c319f78d96cc3bff82033b2a3a59c"}}
[debug] [2022-02-11T10:17:55.587Z] <<< [apiv2][status] POST https://firebasehosting.googleapis.com/v1beta1/sites/e-pustok0/versions/b274af869a68641f:populateFiles 200
[debug] [2022-02-11T10:17:55.587Z] <<< [apiv2][body] POST https://firebasehosting.googleapis.com/v1beta1/sites/e-pustok0/versions/b274af869a68641f:populateFiles {"uploadRequiredHashes":["c4c26c4d19ee6d88ca4b07c70061000a71b1f3d5b8eac053278fbe8d5a1d5f0e","1d57e74b4a98466a8c2253d27cae6f80c1c8f716480ad1eb30c279eb31f62713","d0bab7add8a5ca2d2c6739f32538d07ccfa2fddc0c2545f91ca372d40aaff694","f095ea978bc3e8819b54365fe60144b68f5cd58ad5a10b39bccfa428ea1a83f6","7689153e88ac02e1ac6a13d6d68e957dc0e420769fa07043ab6aa5db7dcac4b3","b1efe33eeb98f7b4bb9b2895d2ec4dd8b0452d735411028a4869a608a5bc51da","e272b418d4749c7a049038fa1f8d8993978b260c60f988b1a3b7971b54b7f9e9","37abe630043986fadcd78e6962ecad994a394906e41cbb94769e1ebf83a61a64","6e11e08c9c66fcce8c89519395c3b93339ca4564b1d2ecf4c180fddd49f6856f","aa07bc1b80f268d46c6fa6e4d9280a8a80f4a6bc040eb6ce605d0312e03b545c","82a92790d693f0e93afd20f5f35db76cc2c3c942eb299fc9bf83ef750648491b","fc8737e2daf8d86b7b0c459931257ffeb629bccf07cfb114ae6e6fbcae1dc0a9","ef4b432b6f0086dd3fcb077ce71528069cec106846b2b355a9a62f2d8302f2b6","489463448a75c64c86a992125cfc28984850d0ef03978bc278fc388952bd344c","a0b41bdd0b25b7241006487d2fbc88a1b091cb0f01ac13e99cf585fcf441587f","4bae11a4e1c4e00ff0367d49a13786fc0f306eb12fda157177da7069918685f5","efefef142cc08e510d57db9ce5a008fe0ea9fc98aa74cf9c47f664a0d27f9031","cbbecaab2414e81ab9ec233874e48e0c6659bd9f8edcc9fa2d6b57af00111451","5ec307807417473c67a1ebdd917d7837451008ae41010c96c8e40a63bfee66ab","e6b1db153d24284e61b9ae2fa7cda18a9b4ad55c930eabba65b7aec5b40899cc","2d3d9b79488563756479368454c991e4f511192a026eaaf1384475f24aaceebb"],"uploadUrl":"https://upload-firebasehosting.googleapis.com/upload/sites/e-pustok0/versions/b274af869a68641f/files"}
[debug] [2022-02-11T10:17:55.591Z] >>> [apiv2][query] POST https://upload-firebasehosting.googleapis.com/upload/sites/e-pustok0/versions/b274af869a68641f/files/c4c26c4d19ee6d88ca4b07c70061000a71b1f3d5b8eac053278fbe8d5a1d5f0e [none]
[debug] [2022-02-11T10:17:55.591Z] >>> [apiv2][body] POST https://upload-firebasehosting.googleapis.com/upload/sites/e-pustok0/versions/b274af869a68641f/files/c4c26c4d19ee6d88ca4b07c70061000a71b1f3d5b8eac053278fbe8d5a1d5f0e [stream]
[debug] [2022-02-11T10:17:55.592Z] >>> [apiv2][query] POST https://upload-firebasehosting.googleapis.com/upload/sites/e-pustok0/versions/b274af869a68641f/files/1d57e74b4a98466a8c2253d27cae6f80c1c8f716480ad1eb30c279eb31f62713 [none]
[debug] [2022-02-11T10:17:55.592Z] >>> [apiv2][body] POST https://upload-firebasehosting.googleapis.com/upload/sites/e-pustok0/versions/b274af869a68641f/files/1d57e74b4a98466a8c2253d27cae6f80c1c8f716480ad1eb30c279eb31f62713 [stream]
[debug] [2022-02-11T10:17:55.594Z] >>> [apiv2][query] POST https://upload-firebasehosting.googleapis.com/upload/sites/e-pustok0/versions/b274af869a68641f/files/d0bab7add8a5ca2d2c6739f32538d07ccfa2fddc0c2545f91ca372d40aaff694 [none]
[debug] [2022-02-11T10:17:55.594Z] >>> [apiv2][body] POST https://upload-firebasehosting.googleapis.com/upload/sites/e-pustok0/versions/b274af869a68641f/files/d0bab7add8a5ca2d2c6739f32538d07ccfa2fddc0c2545f91ca372d40aaff694 [stream]
[debug] [2022-02-11T10:17:55.595Z] >>> [apiv2][query] POST https://upload-firebasehosting.googleapis.com/upload/sites/e-pustok0/versions/b274af869a68641f/files/f095ea978bc3e8819b54365fe60144b68f5cd58ad5a10b39bccfa428ea1a83f6 [none]
[debug] [2022-02-11T10:17:55.595Z] >>> [apiv2][body] POST https://upload-firebasehosting.googleapis.com/upload/sites/e-pustok0/versions/b274af869a68641f/files/f095ea978bc3e8819b54365fe60144b68f5cd58ad5a10b39bccfa428ea1a83f6 [stream]
[debug] [2022-02-11T10:17:55.596Z] >>> [apiv2][query] POST https://upload-firebasehosting.googleapis.com/upload/sites/e-pustok0/versions/b274af869a68641f/files/7689153e88ac02e1ac6a13d6d68e957dc0e420769fa07043ab6aa5db7dcac4b3 [none]
[debug] [2022-02-11T10:17:55.597Z] >>> [apiv2][body] POST https://upload-firebasehosting.googleapis.com/upload/sites/e-pustok0/versions/b274af869a68641f/files/7689153e88ac02e1ac6a13d6d68e957dc0e420769fa07043ab6aa5db7dcac4b3 [stream]
[debug] [2022-02-11T10:17:55.598Z] >>> [apiv2][query] POST https://upload-firebasehosting.googleapis.com/upload/sites/e-pustok0/versions/b274af869a68641f/files/b1efe33eeb98f7b4bb9b2895d2ec4dd8b0452d735411028a4869a608a5bc51da [none]
[debug] [2022-02-11T10:17:55.598Z] >>> [apiv2][body] POST https://upload-firebasehosting.googleapis.com/upload/sites/e-pustok0/versions/b274af869a68641f/files/b1efe33eeb98f7b4bb9b2895d2ec4dd8b0452d735411028a4869a608a5bc51da [stream]
[debug] [2022-02-11T10:17:55.599Z] >>> [apiv2][query] POST https://upload-firebasehosting.googleapis.com/upload/sites/e-pustok0/versions/b274af869a68641f/files/e272b418d4749c7a049038fa1f8d8993978b260c60f988b1a3b7971b54b7f9e9 [none]
[debug] [2022-02-11T10:17:55.599Z] >>> [apiv2][body] POST https://upload-firebasehosting.googleapis.com/upload/sites/e-pustok0/versions/b274af869a68641f/files/e272b418d4749c7a049038fa1f8d8993978b260c60f988b1a3b7971b54b7f9e9 [stream]
[debug] [2022-02-11T10:17:55.599Z] >>> [apiv2][query] POST https://upload-firebasehosting.googleapis.com/upload/sites/e-pustok0/versions/b274af869a68641f/files/37abe630043986fadcd78e6962ecad994a394906e41cbb94769e1ebf83a61a64 [none]
[debug] [2022-02-11T10:17:55.600Z] >>> [apiv2][body] POST https://upload-firebasehosting.googleapis.com/upload/sites/e-pustok0/versions/b274af869a68641f/files/37abe630043986fadcd78e6962ecad994a394906e41cbb94769e1ebf83a61a64 [stream]
[debug] [2022-02-11T10:17:55.600Z] >>> [apiv2][query] POST https://upload-firebasehosting.googleapis.com/upload/sites/e-pustok0/versions/b274af869a68641f/files/6e11e08c9c66fcce8c89519395c3b93339ca4564b1d2ecf4c180fddd49f6856f [none]
[debug] [2022-02-11T10:17:55.601Z] >>> [apiv2][body] POST https://upload-firebasehosting.googleapis.com/upload/sites/e-pustok0/versions/b274af869a68641f/files/6e11e08c9c66fcce8c89519395c3b93339ca4564b1d2ecf4c180fddd49f6856f [stream]
[debug] [2022-02-11T10:17:55.601Z] >>> [apiv2][query] POST https://upload-firebasehosting.googleapis.com/upload/sites/e-pustok0/versions/b274af869a68641f/files/aa07bc1b80f268d46c6fa6e4d9280a8a80f4a6bc040eb6ce605d0312e03b545c [none]
[debug] [2022-02-11T10:17:55.601Z] >>> [apiv2][body] POST https://upload-firebasehosting.googleapis.com/upload/sites/e-pustok0/versions/b274af869a68641f/files/aa07bc1b80f268d46c6fa6e4d9280a8a80f4a6bc040eb6ce605d0312e03b545c [stream]
[debug] [2022-02-11T10:17:55.602Z] >>> [apiv2][query] POST https://upload-firebasehosting.googleapis.com/upload/sites/e-pustok0/versions/b274af869a68641f/files/82a92790d693f0e93afd20f5f35db76cc2c3c942eb299fc9bf83ef750648491b [none]
[debug] [2022-02-11T10:17:55.602Z] >>> [apiv2][body] POST https://upload-firebasehosting.googleapis.com/upload/sites/e-pustok0/versions/b274af869a68641f/files/82a92790d693f0e93afd20f5f35db76cc2c3c942eb299fc9bf83ef750648491b [stream]
[debug] [2022-02-11T10:17:55.603Z] >>> [apiv2][query] POST https://upload-firebasehosting.googleapis.com/upload/sites/e-pustok0/versions/b274af869a68641f/files/fc8737e2daf8d86b7b0c459931257ffeb629bccf07cfb114ae6e6fbcae1dc0a9 [none]
[debug] [2022-02-11T10:17:55.603Z] >>> [apiv2][body] POST https://upload-firebasehosting.googleapis.com/upload/sites/e-pustok0/versions/b274af869a68641f/files/fc8737e2daf8d86b7b0c459931257ffeb629bccf07cfb114ae6e6fbcae1dc0a9 [stream]
[debug] [2022-02-11T10:17:55.606Z] >>> [apiv2][query] POST https://upload-firebasehosting.googleapis.com/upload/sites/e-pustok0/versions/b274af869a68641f/files/ef4b432b6f0086dd3fcb077ce71528069cec106846b2b355a9a62f2d8302f2b6 [none]
[debug] [2022-02-11T10:17:55.606Z] >>> [apiv2][body] POST https://upload-firebasehosting.googleapis.com/upload/sites/e-pustok0/versions/b274af869a68641f/files/ef4b432b6f0086dd3fcb077ce71528069cec106846b2b355a9a62f2d8302f2b6 [stream]
[debug] [2022-02-11T10:17:55.607Z] >>> [apiv2][query] POST https://upload-firebasehosting.googleapis.com/upload/sites/e-pustok0/versions/b274af869a68641f/files/489463448a75c64c86a992125cfc28984850d0ef03978bc278fc388952bd344c [none]
[debug] [2022-02-11T10:17:55.607Z] >>> [apiv2][body] POST https://upload-firebasehosting.googleapis.com/upload/sites/e-pustok0/versions/b274af869a68641f/files/489463448a75c64c86a992125cfc28984850d0ef03978bc278fc388952bd344c [stream]
[debug] [2022-02-11T10:17:55.608Z] >>> [apiv2][query] POST https://upload-firebasehosting.googleapis.com/upload/sites/e-pustok0/versions/b274af869a68641f/files/a0b41bdd0b25b7241006487d2fbc88a1b091cb0f01ac13e99cf585fcf441587f [none]
[debug] [2022-02-11T10:17:55.608Z] >>> [apiv2][body] POST https://upload-firebasehosting.googleapis.com/upload/sites/e-pustok0/versions/b274af869a68641f/files/a0b41bdd0b25b7241006487d2fbc88a1b091cb0f01ac13e99cf585fcf441587f [stream]
[debug] [2022-02-11T10:17:55.610Z] >>> [apiv2][query] POST https://upload-firebasehosting.googleapis.com/upload/sites/e-pustok0/versions/b274af869a68641f/files/4bae11a4e1c4e00ff0367d49a13786fc0f306eb12fda157177da7069918685f5 [none]
[debug] [2022-02-11T10:17:55.610Z] >>> [apiv2][body] POST https://upload-firebasehosting.googleapis.com/upload/sites/e-pustok0/versions/b274af869a68641f/files/4bae11a4e1c4e00ff0367d49a13786fc0f306eb12fda157177da7069918685f5 [stream]
[debug] [2022-02-11T10:17:55.611Z] >>> [apiv2][query] POST https://upload-firebasehosting.googleapis.com/upload/sites/e-pustok0/versions/b274af869a68641f/files/efefef142cc08e510d57db9ce5a008fe0ea9fc98aa74cf9c47f664a0d27f9031 [none]
[debug] [2022-02-11T10:17:55.612Z] >>> [apiv2][body] POST https://upload-firebasehosting.googleapis.com/upload/sites/e-pustok0/versions/b274af869a68641f/files/efefef142cc08e510d57db9ce5a008fe0ea9fc98aa74cf9c47f664a0d27f9031 [stream]
[debug] [2022-02-11T10:17:55.613Z] >>> [apiv2][query] POST https://upload-firebasehosting.googleapis.com/upload/sites/e-pustok0/versions/b274af869a68641f/files/cbbecaab2414e81ab9ec233874e48e0c6659bd9f8edcc9fa2d6b57af00111451 [none]
[debug] [2022-02-11T10:17:55.614Z] >>> [apiv2][body] POST https://upload-firebasehosting.googleapis.com/upload/sites/e-pustok0/versions/b274af869a68641f/files/cbbecaab2414e81ab9ec233874e48e0c6659bd9f8edcc9fa2d6b57af00111451 [stream]
[debug] [2022-02-11T10:17:55.615Z] >>> [apiv2][query] POST https://upload-firebasehosting.googleapis.com/upload/sites/e-pustok0/versions/b274af869a68641f/files/5ec307807417473c67a1ebdd917d7837451008ae41010c96c8e40a63bfee66ab [none]
[debug] [2022-02-11T10:17:55.615Z] >>> [apiv2][body] POST https://upload-firebasehosting.googleapis.com/upload/sites/e-pustok0/versions/b274af869a68641f/files/5ec307807417473c67a1ebdd917d7837451008ae41010c96c8e40a63bfee66ab [stream]
[debug] [2022-02-11T10:17:55.616Z] >>> [apiv2][query] POST https://upload-firebasehosting.googleapis.com/upload/sites/e-pustok0/versions/b274af869a68641f/files/e6b1db153d24284e61b9ae2fa7cda18a9b4ad55c930eabba65b7aec5b40899cc [none]
[debug] [2022-02-11T10:17:55.616Z] >>> [apiv2][body] POST https://upload-firebasehosting.googleapis.com/upload/sites/e-pustok0/versions/b274af869a68641f/files/e6b1db153d24284e61b9ae2fa7cda18a9b4ad55c930eabba65b7aec5b40899cc [stream]
[debug] [2022-02-11T10:17:55.617Z] >>> [apiv2][query] POST https://upload-firebasehosting.googleapis.com/upload/sites/e-pustok0/versions/b274af869a68641f/files/2d3d9b79488563756479368454c991e4f511192a026eaaf1384475f24aaceebb [none]
[debug] [2022-02-11T10:17:55.617Z] >>> [apiv2][body] POST https://upload-firebasehosting.googleapis.com/upload/sites/e-pustok0/versions/b274af869a68641f/files/2d3d9b79488563756479368454c991e4f511192a026eaaf1384475f24aaceebb [stream]
[debug] [2022-02-11T10:17:55.618Z] [hosting][populate queue][FINAL] {"max":3018,"min":3018,"avg":3018,"active":0,"complete":1,"success":1,"errored":0,"retried":0,"total":1,"elapsed":3045}
[debug] [2022-02-11T10:17:55.618Z] [hosting] uploads queued: 21
[debug] [2022-02-11T10:17:58.470Z] <<< [apiv2][status] POST https://upload-firebasehosting.googleapis.com/upload/sites/e-pustok0/versions/b274af869a68641f/files/7689153e88ac02e1ac6a13d6d68e957dc0e420769fa07043ab6aa5db7dcac4b3 200
[debug] [2022-02-11T10:17:58.470Z] <<< [apiv2][body] POST https://upload-firebasehosting.googleapis.com/upload/sites/e-pustok0/versions/b274af869a68641f/files/7689153e88ac02e1ac6a13d6d68e957dc0e420769fa07043ab6aa5db7dcac4b3 [stream]
[debug] [2022-02-11T10:17:58.472Z] <<< [apiv2][status] POST https://upload-firebasehosting.googleapis.com/upload/sites/e-pustok0/versions/b274af869a68641f/files/d0bab7add8a5ca2d2c6739f32538d07ccfa2fddc0c2545f91ca372d40aaff694 200
[debug] [2022-02-11T10:17:58.472Z] <<< [apiv2][body] POST https://upload-firebasehosting.googleapis.com/upload/sites/e-pustok0/versions/b274af869a68641f/files/d0bab7add8a5ca2d2c6739f32538d07ccfa2fddc0c2545f91ca372d40aaff694 [stream]
[debug] [2022-02-11T10:17:58.495Z] <<< [apiv2][status] POST https://upload-firebasehosting.googleapis.com/upload/sites/e-pustok0/versions/b274af869a68641f/files/c4c26c4d19ee6d88ca4b07c70061000a71b1f3d5b8eac053278fbe8d5a1d5f0e 200
[debug] [2022-02-11T10:17:58.495Z] <<< [apiv2][body] POST https://upload-firebasehosting.googleapis.com/upload/sites/e-pustok0/versions/b274af869a68641f/files/c4c26c4d19ee6d88ca4b07c70061000a71b1f3d5b8eac053278fbe8d5a1d5f0e [stream]
[debug] [2022-02-11T10:17:58.516Z] <<< [apiv2][status] POST https://upload-firebasehosting.googleapis.com/upload/sites/e-pustok0/versions/b274af869a68641f/files/2d3d9b79488563756479368454c991e4f511192a026eaaf1384475f24aaceebb 200
[debug] [2022-02-11T10:17:58.516Z] <<< [apiv2][body] POST https://upload-firebasehosting.googleapis.com/upload/sites/e-pustok0/versions/b274af869a68641f/files/2d3d9b79488563756479368454c991e4f511192a026eaaf1384475f24aaceebb [stream]
[debug] [2022-02-11T10:17:58.528Z] <<< [apiv2][status] POST https://upload-firebasehosting.googleapis.com/upload/sites/e-pustok0/versions/b274af869a68641f/files/b1efe33eeb98f7b4bb9b2895d2ec4dd8b0452d735411028a4869a608a5bc51da 200
[debug] [2022-02-11T10:17:58.529Z] <<< [apiv2][body] POST https://upload-firebasehosting.googleapis.com/upload/sites/e-pustok0/versions/b274af869a68641f/files/b1efe33eeb98f7b4bb9b2895d2ec4dd8b0452d735411028a4869a608a5bc51da [stream]
[debug] [2022-02-11T10:17:58.531Z] <<< [apiv2][status] POST https://upload-firebasehosting.googleapis.com/upload/sites/e-pustok0/versions/b274af869a68641f/files/cbbecaab2414e81ab9ec233874e48e0c6659bd9f8edcc9fa2d6b57af00111451 200
[debug] [2022-02-11T10:17:58.531Z] <<< [apiv2][body] POST https://upload-firebasehosting.googleapis.com/upload/sites/e-pustok0/versions/b274af869a68641f/files/cbbecaab2414e81ab9ec233874e48e0c6659bd9f8edcc9fa2d6b57af00111451 [stream]
[debug] [2022-02-11T10:17:58.548Z] <<< [apiv2][status] POST https://upload-firebasehosting.googleapis.com/upload/sites/e-pustok0/versions/b274af869a68641f/files/f095ea978bc3e8819b54365fe60144b68f5cd58ad5a10b39bccfa428ea1a83f6 200
[debug] [2022-02-11T10:17:58.549Z] <<< [apiv2][body] POST https://upload-firebasehosting.googleapis.com/upload/sites/e-pustok0/versions/b274af869a68641f/files/f095ea978bc3e8819b54365fe60144b68f5cd58ad5a10b39bccfa428ea1a83f6 [stream]
[debug] [2022-02-11T10:17:58.616Z] <<< [apiv2][status] POST https://upload-firebasehosting.googleapis.com/upload/sites/e-pustok0/versions/b274af869a68641f/files/5ec307807417473c67a1ebdd917d7837451008ae41010c96c8e40a63bfee66ab 200
[debug] [2022-02-11T10:17:58.616Z] <<< [apiv2][body] POST https://upload-firebasehosting.googleapis.com/upload/sites/e-pustok0/versions/b274af869a68641f/files/5ec307807417473c67a1ebdd917d7837451008ae41010c96c8e40a63bfee66ab [stream]
[debug] [2022-02-11T10:17:58.647Z] <<< [apiv2][status] POST https://upload-firebasehosting.googleapis.com/upload/sites/e-pustok0/versions/b274af869a68641f/files/efefef142cc08e510d57db9ce5a008fe0ea9fc98aa74cf9c47f664a0d27f9031 200
[debug] [2022-02-11T10:17:58.648Z] <<< [apiv2][body] POST https://upload-firebasehosting.googleapis.com/upload/sites/e-pustok0/versions/b274af869a68641f/files/efefef142cc08e510d57db9ce5a008fe0ea9fc98aa74cf9c47f664a0d27f9031 [stream]
[debug] [2022-02-11T10:17:58.663Z] <<< [apiv2][status] POST https://upload-firebasehosting.googleapis.com/upload/sites/e-pustok0/versions/b274af869a68641f/files/aa07bc1b80f268d46c6fa6e4d9280a8a80f4a6bc040eb6ce605d0312e03b545c 200
[debug] [2022-02-11T10:17:58.663Z] <<< [apiv2][body] POST https://upload-firebasehosting.googleapis.com/upload/sites/e-pustok0/versions/b274af869a68641f/files/aa07bc1b80f268d46c6fa6e4d9280a8a80f4a6bc040eb6ce605d0312e03b545c [stream]
[debug] [2022-02-11T10:17:58.664Z] <<< [apiv2][status] POST https://upload-firebasehosting.googleapis.com/upload/sites/e-pustok0/versions/b274af869a68641f/files/489463448a75c64c86a992125cfc28984850d0ef03978bc278fc388952bd344c 200
[debug] [2022-02-11T10:17:58.664Z] <<< [apiv2][body] POST https://upload-firebasehosting.googleapis.com/upload/sites/e-pustok0/versions/b274af869a68641f/files/489463448a75c64c86a992125cfc28984850d0ef03978bc278fc388952bd344c [stream]
[debug] [2022-02-11T10:17:58.675Z] <<< [apiv2][status] POST https://upload-firebasehosting.googleapis.com/upload/sites/e-pustok0/versions/b274af869a68641f/files/ef4b432b6f0086dd3fcb077ce71528069cec106846b2b355a9a62f2d8302f2b6 200
[debug] [2022-02-11T10:17:58.675Z] <<< [apiv2][body] POST https://upload-firebasehosting.googleapis.com/upload/sites/e-pustok0/versions/b274af869a68641f/files/ef4b432b6f0086dd3fcb077ce71528069cec106846b2b355a9a62f2d8302f2b6 [stream]
[debug] [2022-02-11T10:17:58.676Z] <<< [apiv2][status] POST https://upload-firebasehosting.googleapis.com/upload/sites/e-pustok0/versions/b274af869a68641f/files/6e11e08c9c66fcce8c89519395c3b93339ca4564b1d2ecf4c180fddd49f6856f 200
[debug] [2022-02-11T10:17:58.676Z] <<< [apiv2][body] POST https://upload-firebasehosting.googleapis.com/upload/sites/e-pustok0/versions/b274af869a68641f/files/6e11e08c9c66fcce8c89519395c3b93339ca4564b1d2ecf4c180fddd49f6856f [stream]
[debug] [2022-02-11T10:17:58.690Z] <<< [apiv2][status] POST https://upload-firebasehosting.googleapis.com/upload/sites/e-pustok0/versions/b274af869a68641f/files/1d57e74b4a98466a8c2253d27cae6f80c1c8f716480ad1eb30c279eb31f62713 200
[debug] [2022-02-11T10:17:58.691Z] <<< [apiv2][body] POST https://upload-firebasehosting.googleapis.com/upload/sites/e-pustok0/versions/b274af869a68641f/files/1d57e74b4a98466a8c2253d27cae6f80c1c8f716480ad1eb30c279eb31f62713 [stream]
[debug] [2022-02-11T10:17:58.704Z] <<< [apiv2][status] POST https://upload-firebasehosting.googleapis.com/upload/sites/e-pustok0/versions/b274af869a68641f/files/fc8737e2daf8d86b7b0c459931257ffeb629bccf07cfb114ae6e6fbcae1dc0a9 200
[debug] [2022-02-11T10:17:58.704Z] <<< [apiv2][body] POST https://upload-firebasehosting.googleapis.com/upload/sites/e-pustok0/versions/b274af869a68641f/files/fc8737e2daf8d86b7b0c459931257ffeb629bccf07cfb114ae6e6fbcae1dc0a9 [stream]
[debug] [2022-02-11T10:17:58.734Z] <<< [apiv2][status] POST https://upload-firebasehosting.googleapis.com/upload/sites/e-pustok0/versions/b274af869a68641f/files/82a92790d693f0e93afd20f5f35db76cc2c3c942eb299fc9bf83ef750648491b 200
[debug] [2022-02-11T10:17:58.734Z] <<< [apiv2][body] POST https://upload-firebasehosting.googleapis.com/upload/sites/e-pustok0/versions/b274af869a68641f/files/82a92790d693f0e93afd20f5f35db76cc2c3c942eb299fc9bf83ef750648491b [stream]
[debug] [2022-02-11T10:17:58.795Z] <<< [apiv2][status] POST https://upload-firebasehosting.googleapis.com/upload/sites/e-pustok0/versions/b274af869a68641f/files/37abe630043986fadcd78e6962ecad994a394906e41cbb94769e1ebf83a61a64 200
[debug] [2022-02-11T10:17:58.795Z] <<< [apiv2][body] POST https://upload-firebasehosting.googleapis.com/upload/sites/e-pustok0/versions/b274af869a68641f/files/37abe630043986fadcd78e6962ecad994a394906e41cbb94769e1ebf83a61a64 [stream]
[debug] [2022-02-11T10:17:58.815Z] <<< [apiv2][status] POST https://upload-firebasehosting.googleapis.com/upload/sites/e-pustok0/versions/b274af869a68641f/files/4bae11a4e1c4e00ff0367d49a13786fc0f306eb12fda157177da7069918685f5 200
[debug] [2022-02-11T10:17:58.815Z] <<< [apiv2][body] POST https://upload-firebasehosting.googleapis.com/upload/sites/e-pustok0/versions/b274af869a68641f/files/4bae11a4e1c4e00ff0367d49a13786fc0f306eb12fda157177da7069918685f5 [stream]
[debug] [2022-02-11T10:17:58.820Z] <<< [apiv2][status] POST https://upload-firebasehosting.googleapis.com/upload/sites/e-pustok0/versions/b274af869a68641f/files/e272b418d4749c7a049038fa1f8d8993978b260c60f988b1a3b7971b54b7f9e9 200
[debug] [2022-02-11T10:17:58.820Z] <<< [apiv2][body] POST https://upload-firebasehosting.googleapis.com/upload/sites/e-pustok0/versions/b274af869a68641f/files/e272b418d4749c7a049038fa1f8d8993978b260c60f988b1a3b7971b54b7f9e9 [stream]
[debug] [2022-02-11T10:17:58.841Z] <<< [apiv2][status] POST https://upload-firebasehosting.googleapis.com/upload/sites/e-pustok0/versions/b274af869a68641f/files/a0b41bdd0b25b7241006487d2fbc88a1b091cb0f01ac13e99cf585fcf441587f 200
[debug] [2022-02-11T10:17:58.841Z] <<< [apiv2][body] POST https://upload-firebasehosting.googleapis.com/upload/sites/e-pustok0/versions/b274af869a68641f/files/a0b41bdd0b25b7241006487d2fbc88a1b091cb0f01ac13e99cf585fcf441587f [stream]
[debug] [2022-02-11T10:17:59.406Z] <<< [apiv2][status] POST https://upload-firebasehosting.googleapis.com/upload/sites/e-pustok0/versions/b274af869a68641f/files/e6b1db153d24284e61b9ae2fa7cda18a9b4ad55c930eabba65b7aec5b40899cc 200
[debug] [2022-02-11T10:17:59.406Z] <<< [apiv2][body] POST https://upload-firebasehosting.googleapis.com/upload/sites/e-pustok0/versions/b274af869a68641f/files/e6b1db153d24284e61b9ae2fa7cda18a9b4ad55c930eabba65b7aec5b40899cc [stream]
[debug] [2022-02-11T10:17:59.407Z] [hosting][upload queue][FINAL] {"max":3817,"min":2883,"avg":3092.6190476190477,"active":0,"complete":21,"success":21,"errored":0,"retried":0,"total":21,"elapsed":3820}
[info] ✔  hosting[e-pustok0]: file upload complete 
[debug] [2022-02-11T10:17:59.409Z] [hosting] deploy completed after 6954ms
[debug] [2022-02-11T10:17:59.417Z] [
  {
    "config": {
      "public": "out",
      "ignore": [
        "firebase.json",
        "**/.*",
        "**/node_modules/**"
      ],
      "cleanUrls": true,
      "rewrites": [
        {
          "source": "**",
          "destination": "/index.html"
        }
      ],
      "site": "e-pustok0"
    },
    "site": "e-pustok0",
    "version": "sites/e-pustok0/versions/b274af869a68641f"
  }
]
[info] i  hosting[e-pustok0]: finalizing version... 
[debug] [2022-02-11T10:17:59.419Z] > refreshing access token with scopes: ["email","https://www.googleapis.com/auth/cloud-platform","https://www.googleapis.com/auth/cloudplatformprojects.readonly","https://www.googleapis.com/auth/firebase","openid"]
[debug] [2022-02-11T10:17:59.419Z] >>> HTTP REQUEST POST https://www.googleapis.com/oauth2/v3/token  
 <request body omitted>
[debug] [2022-02-11T10:18:00.066Z] <<< HTTP RESPONSE 200 {"date":"Fri, 11 Feb 2022 10:18:26 GMT","expires":"Mon, 01 Jan 1990 00:00:00 GMT","cache-control":"no-cache, no-store, max-age=0, must-revalidate","pragma":"no-cache","content-type":"application/json; charset=utf-8","vary":"X-Origin, Referer, Origin,Accept-Encoding","server":"scaffolding on HTTPServer2","x-xss-protection":"0","x-frame-options":"SAMEORIGIN","x-content-type-options":"nosniff","alt-svc":"h3=\":443\"; ma=2592000,h3-29=\":443\"; ma=2592000,h3-Q050=\":443\"; ma=2592000,h3-Q046=\":443\"; ma=2592000,h3-Q043=\":443\"; ma=2592000,quic=\":443\"; ma=2592000; v=\"46,43\"","accept-ranges":"none","transfer-encoding":"chunked"}
[debug] [2022-02-11T10:18:00.169Z] >>> HTTP REQUEST PATCH https://firebasehosting.googleapis.com/v1beta1/sites/e-pustok0/versions/b274af869a68641f?updateMask=status  
 {"status":"FINALIZED"}
[debug] [2022-02-11T10:18:02.256Z] <<< HTTP RESPONSE 200 {"content-type":"application/json; charset=UTF-8","vary":"X-Origin, Referer, Origin,Accept-Encoding","date":"Fri, 11 Feb 2022 10:18:28 GMT","server":"ESF","cache-control":"private","x-xss-protection":"0","x-frame-options":"SAMEORIGIN","x-content-type-options":"nosniff","alt-svc":"h3=\":443\"; ma=2592000,h3-29=\":443\"; ma=2592000,h3-Q050=\":443\"; ma=2592000,h3-Q046=\":443\"; ma=2592000,h3-Q043=\":443\"; ma=2592000,quic=\":443\"; ma=2592000; v=\"46,43\"","accept-ranges":"none","transfer-encoding":"chunked"}
[debug] [2022-02-11T10:18:02.257Z] [hosting] finalized version for e-pustok0: {"name":"sites/e-pustok0/versions/b274af869a68641f","status":"FINALIZED","config":{"rewrites":[{"glob":"**","path":"/index.html"}],"cleanUrls":true},"labels":{"deployment-tool":"cli-firebase"},"createTime":"2022-02-11T10:18:18.263681Z","createUser":{"email":"ahmu689@gmail.com"},"finalizeTime":"2022-02-11T10:18:28.291896Z","finalizeUser":{"email":"ahmu689@gmail.com"}}
[info] ✔  hosting[e-pustok0]: version finalized 
[info] i  hosting[e-pustok0]: releasing new version... 
[debug] [2022-02-11T10:18:02.259Z] >>> HTTP REQUEST POST https://firebasehosting.googleapis.com/v1beta1/sites/e-pustok0/releases?version_name=sites/e-pustok0/versions/b274af869a68641f  
 {"message":null}
[debug] [2022-02-11T10:18:04.246Z] <<< HTTP RESPONSE 200 {"content-type":"application/json; charset=UTF-8","vary":"X-Origin, Referer, Origin,Accept-Encoding","date":"Fri, 11 Feb 2022 10:18:30 GMT","server":"ESF","cache-control":"private","x-xss-protection":"0","x-frame-options":"SAMEORIGIN","x-content-type-options":"nosniff","alt-svc":"h3=\":443\"; ma=2592000,h3-29=\":443\"; ma=2592000,h3-Q050=\":443\"; ma=2592000,h3-Q046=\":443\"; ma=2592000,h3-Q043=\":443\"; ma=2592000,quic=\":443\"; ma=2592000; v=\"46,43\"","accept-ranges":"none","transfer-encoding":"chunked"}
[debug] [2022-02-11T10:18:04.247Z] [hosting] release: {"name":"sites/e-pustok0/releases/1644574709702067","version":{"name":"sites/e-pustok0/versions/b274af869a68641f","status":"FINALIZED","config":{"rewrites":[{"glob":"**","path":"/index.html"}],"cleanUrls":true},"labels":{"deployment-tool":"cli-firebase"},"createTime":"2022-02-11T10:18:18.263681Z","createUser":{"email":"ahmu689@gmail.com","imageUrl":"https://lh3.googleusercontent.com/a-/AOh14Gg-xdrzewgEGB2nSFlgO44NMyl1OjtuaRbemafMvg"},"finalizeTime":"2022-02-11T10:18:28.291896Z","finalizeUser":{"email":"ahmu689@gmail.com","imageUrl":"https://lh3.googleusercontent.com/a-/AOh14Gg-xdrzewgEGB2nSFlgO44NMyl1OjtuaRbemafMvg"}},"type":"DEPLOY","releaseTime":"2022-02-11T10:18:29.702067550Z","releaseUser":{"email":"ahmu689@gmail.com","imageUrl":"https://lh3.googleusercontent.com/a-/AOh14Gg-xdrzewgEGB2nSFlgO44NMyl1OjtuaRbemafMvg"}}
[info] ✔  hosting[e-pustok0]: release complete 
[info] 
[info] ✔  Deploy complete! 
[info] 
[info] Project Console: https://console.firebase.google.com/project/e-pustok0/overview
[info] Hosting URL: https://e-pustok0.web.app
